啟動節點 A

> 啟動節點 A

> 啟動節點 A

> 
> 
[任務啟動] ID: A_12238932062300_6584677875765489066 | 內容: status
[逾時] 未收齊，降級投票

=== Task A_12238932062300_6584677875765489066 投票結果 ===
[嚴重錯誤] 同時發生「節點缺失」與「資料竄改」，剩餘合法節點不足，無法完成投票！
===========================
> 
> 
[任務啟動] ID: A_12262234335033_2549705363194409261 | 內容: test
[逾時] 未收齊，降級投票

=== Task A_12262234335033_2549705363194409261 投票結果 ===
[嚴重錯誤] 同時發生「節點缺失」與「資料竄改」，剩餘合法節點不足，無法完成投票！
===========================
> 啟動節點 A

> 
=== 節點狀態 ===
本機 ID   : A
Fault 模式: OFF

--- 叢集連線狀態 (Heartbeat) ---
[未知] 節點 B (尚未建立連線)
[未知] 節點 C (尚未建立連線)

--- 任務佇列 ---
任務總數  : 0
================

> 
> 
[任務啟動] ID: A_12602596549573_11289165660509562503 | 內容: test
[逾時] 未收齊，降級投票

=== Task A_12602596549573_11289165660509562503 投票結果 ===
[嚴重失敗] 網路孤島狀態：失去與多數節點的連線 (缺失 2 台)，無法進行任何多數決！
===========================
> 啟動節點 A

> 
=== 節點狀態 ===
本機 ID   : A
Fault 模式: OFF

--- 叢集連線狀態 (Heartbeat) ---
[未知] 節點 B (尚未建立連線)
[未知] 節點 C (尚未建立連線)

--- 任務佇列 ---
任務總數  : 0
================

> 
> 
[任務啟動] ID: A_12719171684548_6953527205866298023 | 內容: test
[逾時] 未收齊，降級投票

=== Task A_12719171684548_6953527205866298023 投票結果 ===
[嚴重失敗] 網路孤島狀態：失去與多數節點的連線 (缺失 2 台)，無法進行任何多數決！
===========================
> 啟動節點 A

> 
=== 節點狀態 ===
本機 ID   : A
Fault 模式: OFF

--- 叢集連線狀態 (Heartbeat) ---
[未知] 節點 B (尚未建立連線)
[未知] 節點 C (尚未建立連線)

--- 任務佇列 ---
任務總數  : 0
================

> 
> 
[任務啟動] ID: A_12859521330919_16324662231593611020 | 內容: test
[逾時] 未收齊，降級投票

=== Task A_12859521330919_16324662231593611020 投票結果 ===
[嚴重失敗] 網路孤島狀態：失去與多數節點的連線 (缺失 2 台)，無法進行任何多數決！
===========================
> 